FILE_TYPE=LIBRARY_PARTS;
primitive 'MYPART';
  pin
    'A1':
      PIN_NUMBER='(1)';
      INPUT_LOAD='(-0.01,0.01)';
    'A2':
      PIN_NUMBER='(2)';
      INPUT_LOAD='(-0.01,0.01)';
    'A3':
      PIN_NUMBER='(3)';
      INPUT_LOAD='(-0.01,0.01)';
    'A4':
      PIN_NUMBER='(4)';
      INPUT_LOAD='(-0.01,0.01)';
    'B'<1>:
      PIN_NUMBER='(5)';
      OUTPUT_LOAD='(1.0,-1.0)';
    'B'<2>:
      PIN_NUMBER='(6)';
      OUTPUT_LOAD='(1.0,-1.0)';
    'B'<3>:
      PIN_NUMBER='(7)';
      OUTPUT_LOAD='(1.0,-1.0)';
    'B'<4>:
      PIN_NUMBER='(8)';
      OUTPUT_LOAD='(1.0,-1.0)';
    'VCC':
      PIN_NUMBER='(9)';
      PINUSE='POWER';
      NO_LOAD_CHECK='Both';
      NO_IO_CHECK='Both';
      NO_ASSERT_CHECK='TRUE';
      NO_DIR_CHECK='TRUE';
      ALLOW_CONNECT='TRUE';
    'NC'<0>:
      PIN_NUMBER='(10)';
      PINUSE='NC';
      NO_LOAD_CHECK='Both';
      NO_IO_CHECK='Both';
      NO_ASSERT_CHECK='TRUE';
      NO_DIR_CHECK='TRUE';
      ALLOW_CONNECT='TRUE';
    'NC'<1>:
      PIN_NUMBER='(11)';
      PINUSE='NC';
      NO_LOAD_CHECK='Both';
      NO_IO_CHECK='Both';
      NO_ASSERT_CHECK='TRUE';
      NO_DIR_CHECK='TRUE';
      ALLOW_CONNECT='TRUE';
    'NC'<2>:
      PIN_NUMBER='(12)';
      PINUSE='NC';
      NO_LOAD_CHECK='Both';
      NO_IO_CHECK='Both';
      NO_ASSERT_CHECK='TRUE';
      NO_DIR_CHECK='TRUE';
      ALLOW_CONNECT='TRUE';
    'NC'<3>:
      PIN_NUMBER='(13)';
      PINUSE='NC';
      NO_LOAD_CHECK='Both';
      NO_IO_CHECK='Both';
      NO_ASSERT_CHECK='TRUE';
      NO_DIR_CHECK='TRUE';
      ALLOW_CONNECT='TRUE';
    'NC'<4>:
      PIN_NUMBER='(14)';
      PINUSE='NC';
      NO_LOAD_CHECK='Both';
      NO_IO_CHECK='Both';
      NO_ASSERT_CHECK='TRUE';
      NO_DIR_CHECK='TRUE';
      ALLOW_CONNECT='TRUE';
  end_pin;
  body
    PART_NAME='MYPART';
    BODY_NAME='MYPART';
    JEDEC_TYPE='dip14_3';
    PHYS_DES_PREFIX='U';
    CLASS='IC';
    CDS_LMAN_UNMAPPED_PHYS_PIN='(15)';
  end_body;
end_primitive;

primitive 'MYPART_1';
  pin
    'A1':
      PIN_NUMBER='(1)';
      INPUT_LOAD='(-0.01,0.01)';
    'A2':
      PIN_NUMBER='(2)';
      INPUT_LOAD='(-0.01,0.01)';
    'A3':
      PIN_NUMBER='(3)';
      INPUT_LOAD='(-0.01,0.01)';
    'A4':
      PIN_NUMBER='(4)';
      INPUT_LOAD='(-0.01,0.01)';
    'B'<1>:
      PIN_NUMBER='(5)';
      OUTPUT_LOAD='(1.0,-1.0)';
    'B'<2>:
      PIN_NUMBER='(6)';
      OUTPUT_LOAD='(1.0,-1.0)';
    'B'<3>:
      PIN_NUMBER='(7)';
      OUTPUT_LOAD='(1.0,-1.0)';
    'B'<4>:
      PIN_NUMBER='(8)';
      OUTPUT_LOAD='(1.0,-1.0)';
    'VCC':
      PIN_NUMBER='(9)';
      PINUSE='POWER';
      NO_LOAD_CHECK='Both';
      NO_IO_CHECK='Both';
      NO_ASSERT_CHECK='TRUE';
      NO_DIR_CHECK='TRUE';
      ALLOW_CONNECT='TRUE';
  end_pin;
  body
    PART_NAME='MYPART';
    BODY_NAME='MYPART';
    JEDEC_TYPE='crys14';
    PHYS_DES_PREFIX='U';
    CLASS='IC';
    NC_PINS='(10,11,12,13,14)';
  end_body;
end_primitive;

END.
