FILE_TYPE=LIBRARY_PARTS;
primitive 'FOR_BASELINING';
  pin
    'A1':
      PIN_NUMBER='(1)';
      INPUT_LOAD='(-0.01,0.01)';
    'B1':
      PIN_NUMBER='(2)';
      OUTPUT_LOAD='(1.0,-1.0)';
    'B2':
      PIN_NUMBER='(3)';
      OUTPUT_LOAD='(1.0,-1.0)';
    'B3':
      PIN_NUMBER='(4)';
      OUTPUT_LOAD='(1.0,-1.0)';
    'B4':
      PIN_NUMBER='(5)';
      OUTPUT_LOAD='(1.0,-1.0)';
    'A2':
      PIN_NUMBER='(6)';
      INPUT_LOAD='(-0.01,0.01)';
    'A3':
      PIN_NUMBER='(7)';
      INPUT_LOAD='(-0.01,0.01)';
    'A4':
      PIN_NUMBER='(8)';
      INPUT_LOAD='(-0.01,0.01)';
    'VCC':
      PIN_NUMBER='(9)';
      PINUSE='POWER';
      NO_LOAD_CHECK='Both';
      NO_IO_CHECK='Both';
      NO_ASSERT_CHECK='TRUE';
      NO_DIR_CHECK='TRUE';
      ALLOW_CONNECT='TRUE';
  end_pin;
  body
    PART_NAME='FOR_BASELINING';
    LIBRARY_NAME='my_library';
    PACKAGE_CREATOR='?';
    BODY_NAME='FOR_BASELINING';
    PHYS_DES_PREFIX='U';
    CLASS='IC';
  end_body;
end_primitive;

END.
