(---------------------------------------------------------------------)
(                                                                     )
(    Netrev Allegro Import Logic                                      )
(                                                                     )
(    Drawing          : test fixture.brd                              )
(    Software Version : 16.3p004                                      )
(    Date/Time        : Mon Jul 03 16:34:01 2017                      )
(                                                                     )
(---------------------------------------------------------------------)


------ Directives ------

RIPUP_ETCH FALSE;
RIPUP_SYMBOLS ALWAYS;
Missing symbol has error FALSE;
SCHEMATIC_DIRECTORY '.';
BOARD_DIRECTORY '';
OLD_BOARD_NAME 'C:/CADENCE/PROJECTS/allegro/test fixture.brd';
NEW_BOARD_NAME 'C:/CADENCE/PROJECTS/allegro/test fixture.brd';

CmdLine: netrev -$ -i . -y 1 C:/CADENCE/PROJECTS/allegro/#Taaaaaa00660.tmp

------ Preparing to read pst files ------


#1   ERROR(24) File not found
     Packager files not found

#2   ERROR(102) Run stopped because errors were detected

netrev run on Jul 3 16:34:01 2017

   COMPILE 'logic'
   CHECK_PIN_NAMES OFF
   CROSS_REFERENCE OFF
   FEEDBACK OFF
   INCREMENTAL OFF
   INTERFACE_TYPE PHYSICAL
   MAX_ERRORS 500
   MERGE_MINIMUM 5
   NET_NAME_CHARS '#%&()*+-./:=>?@[]^_`|'
   NET_NAME_LENGTH 24
   OVERSIGHTS ON
   REPLACE_CHECK OFF
   SINGLE_NODE_NETS ON
   SPLIT_MINIMUM 0
   SUPPRESS   20
   WARNINGS ON

  2 errors detected
 No oversight detected
 No warning detected

cpu time      0:02:34
elapsed time  0:00:01

