FILE_TYPE=LIBRARY_PARTS;
primitive 'PENTIUM4_3GHZ';
  pin
    'BSEL0':
      PIN_NUMBER='(AD6)';
      SIGNAL_DESCRIPTION='POWER/OTHER';
      OUTPUT_LOAD='(1.0,-1.0)';
    'BSEL1':
      PIN_NUMBER='(AD5)';
      SIGNAL_DESCRIPTION='POWER/OTHER';
      OUTPUT_LOAD='(1.0,-1.0)';
    'DBR#':
      PIN_NUMBER='(AE25)';
      SIGNAL_DESCRIPTION='POWER/OTHER';
      OUTPUT_LOAD='(1.0,-1.0)';
    'FERR#':
      PIN_NUMBER='(B6)';
      SIGNAL_DESCRIPTION='ASYNCH AGL+';
      OUTPUT_LOAD='(1.0,-1.0)';
    'IERR#':
      PIN_NUMBER='(AC3)';
      SIGNAL_DESCRIPTION='COMMON CLOCK';
      OUTPUT_LOAD='(1.0,-1.0)';
    'ITPCLKOUT0':
      PIN_NUMBER='(AA20)';
      SIGNAL_DESCRIPTION='POWER/OTHER';
      OUTPUT_LOAD='(1.0,-1.0)';
    'ITPCLKOUT1':
      PIN_NUMBER='(AB22)';
      SIGNAL_DESCRIPTION='POWER/OTHER';
      OUTPUT_LOAD='(1.0,-1.0)';
    'SKTOCC#':
      PIN_NUMBER='(AF26)';
      SIGNAL_DESCRIPTION='POWER/OTHER';
      OUTPUT_LOAD='(1.0,-1.0)';
    'TDO':
      PIN_NUMBER='(D5)';
      SIGNAL_DESCRIPTION='TAP';
      OUTPUT_LOAD='(1.0,-1.0)';
    'THERMTRIP#':
      PIN_NUMBER='(A2)';
      SIGNAL_DESCRIPTION='ASYNCH GTL+';
      OUTPUT_LOAD='(1.0,-1.0)';
    'VCCSENSE':
      PIN_NUMBER='(A5)';
      SIGNAL_DESCRIPTION='POWER/OTHER';
      OUTPUT_LOAD='(1.0,-1.0)';
    'VID0':
      PIN_NUMBER='(AE5)';
      SIGNAL_DESCRIPTION='POWER/OTHER';
      OUTPUT_LOAD='(1.0,-1.0)';
    'VID1':
      PIN_NUMBER='(AE4)';
      SIGNAL_DESCRIPTION='POWER/OTHER';
      OUTPUT_LOAD='(1.0,-1.0)';
    'VID2':
      PIN_NUMBER='(AE3)';
      SIGNAL_DESCRIPTION='POWER/OTHER';
      OUTPUT_LOAD='(1.0,-1.0)';
    'VID3':
      PIN_NUMBER='(AE2)';
      SIGNAL_DESCRIPTION='POWER/OTHER';
      OUTPUT_LOAD='(1.0,-1.0)';
    'VID4':
      PIN_NUMBER='(AE1)';
      SIGNAL_DESCRIPTION='POWER/OTHER';
      OUTPUT_LOAD='(1.0,-1.0)';
    'VSSSENSE':
      PIN_NUMBER='(A4)';
      SIGNAL_DESCRIPTION='POWER/OTHER';
      OUTPUT_LOAD='(1.0,-1.0)';
    'A20M#':
      PIN_NUMBER='(C6)';
      SIGNAL_DESCRIPTION='ASYNCH GTL+';
      INPUT_LOAD='(-0.01,0.01)';
    'BCLK0':
      PIN_NUMBER='(AF22)';
      SIGNAL_DESCRIPTION='BUS CLOCK';
      INPUT_LOAD='(-0.01,0.01)';
    'BCLK1':
      PIN_NUMBER='(AF23)';
      SIGNAL_DESCRIPTION='BUS CLOCK';
      INPUT_LOAD='(-0.01,0.01)';
    'BPRI#':
      PIN_NUMBER='(D2)';
      SIGNAL_DESCRIPTION='COMMON CLOCK';
      INPUT_LOAD='(-0.01,0.01)';
    'DEFER#':
      PIN_NUMBER='(E2)';
      SIGNAL_DESCRIPTION='COMMON CLOCK';
      INPUT_LOAD='(-0.01,0.01)';
    'GTLREF0':
      PIN_NUMBER='(AA21)';
      SIGNAL_DESCRIPTION='POWER/OTHER';
      INPUT_LOAD='(-0.01,0.01)';
    'GTLREF1':
      PIN_NUMBER='(AA6)';
      SIGNAL_DESCRIPTION='POWER/OTHER';
      INPUT_LOAD='(-0.01,0.01)';
    'GTLREF2':
      PIN_NUMBER='(F20)';
      SIGNAL_DESCRIPTION='POWER/OTHER';
      INPUT_LOAD='(-0.01,0.01)';
    'GTLREF3':
      PIN_NUMBER='(F6)';
      SIGNAL_DESCRIPTION='POWER/OTHER';
      INPUT_LOAD='(-0.01,0.01)';
    'IGNNE#':
      PIN_NUMBER='(B2)';
      SIGNAL_DESCRIPTION='ASYNCH GTL+';
      INPUT_LOAD='(-0.01,0.01)';
    'INIT#':
      PIN_NUMBER='(W5)';
      SIGNAL_DESCRIPTION='ASYNCH GTL+';
      INPUT_LOAD='(-0.01,0.01)';
    'ITP_CLK0':
      PIN_NUMBER='(AC26)';
      SIGNAL_DESCRIPTION='TAP';
      INPUT_LOAD='(-0.01,0.01)';
    'ITP_CLK1':
      PIN_NUMBER='(AD26)';
      SIGNAL_DESCRIPTION='TAP';
      INPUT_LOAD='(-0.01,0.01)';
    'LINT0':
      PIN_NUMBER='(D1)';
      SIGNAL_DESCRIPTION='ASYNCH GTL+';
      INPUT_LOAD='(-0.01,0.01)';
    'LINT1':
      PIN_NUMBER='(E5)';
      SIGNAL_DESCRIPTION='ASYNCH GTL+';
      INPUT_LOAD='(-0.01,0.01)';
    'PWRGOOD':
      PIN_NUMBER='(AB23)';
      SIGNAL_DESCRIPTION='POWER/OTHER';
      INPUT_LOAD='(-0.01,0.01)';
    'RESET#':
      PIN_NUMBER='(AB25)';
      SIGNAL_DESCRIPTION='COMMON CLOCK';
      INPUT_LOAD='(-0.01,0.01)';
    'RS0#':
      PIN_NUMBER='(F1)';
      SIGNAL_DESCRIPTION='COMMON CLOCK';
      INPUT_LOAD='(-0.01,0.01)';
    'RS1#':
      PIN_NUMBER='(G5)';
      SIGNAL_DESCRIPTION='COMMON CLOCK';
      INPUT_LOAD='(-0.01,0.01)';
    'RS2#':
      PIN_NUMBER='(F4)';
      SIGNAL_DESCRIPTION='COMMON CLOCK';
      INPUT_LOAD='(-0.01,0.01)';
    'RSP#':
      PIN_NUMBER='(AB2)';
      SIGNAL_DESCRIPTION='COMMON CLOCK';
      INPUT_LOAD='(-0.01,0.01)';
    'SLP#':
      PIN_NUMBER='(AB26)';
      SIGNAL_DESCRIPTION='ASYNCH GTL+';
      INPUT_LOAD='(-0.01,0.01)';
    'SMI#':
      PIN_NUMBER='(B5)';
      SIGNAL_DESCRIPTION='ASYNCH GTL+';
      INPUT_LOAD='(-0.01,0.01)';
    'STPCLK#':
      PIN_NUMBER='(Y4)';
      SIGNAL_DESCRIPTION='ASYNCH GTL+';
      INPUT_LOAD='(-0.01,0.01)';
    'TCK':
      PIN_NUMBER='(D4)';
      SIGNAL_DESCRIPTION='TAP';
      INPUT_LOAD='(-0.01,0.01)';
    'TDI':
      PIN_NUMBER='(C1)';
      SIGNAL_DESCRIPTION='TAP';
      INPUT_LOAD='(-0.01,0.01)';
    'TESTHI0':
      PIN_NUMBER='(AD24)';
      SIGNAL_DESCRIPTION='POWER/OTHER';
      INPUT_LOAD='(-0.01,0.01)';
    'TESTHI1':
      PIN_NUMBER='(AA2)';
      SIGNAL_DESCRIPTION='POWER/OTHER';
      INPUT_LOAD='(-0.01,0.01)';
    'TESTHI10':
      PIN_NUMBER='(Y3)';
      SIGNAL_DESCRIPTION='POWER/OTHER';
      INPUT_LOAD='(-0.01,0.01)';
    'TESTHI11':
      PIN_NUMBER='(A6)';
      SIGNAL_DESCRIPTION='POWER/OTHER';
      INPUT_LOAD='(-0.01,0.01)';
    'TESTHI12':
      PIN_NUMBER='(AD25)';
      SIGNAL_DESCRIPTION='POWER/OTHER';
      INPUT_LOAD='(-0.01,0.01)';
    'TESTHI2':
      PIN_NUMBER='(AC21)';
      SIGNAL_DESCRIPTION='POWER/OTHER';
      INPUT_LOAD='(-0.01,0.01)';
    'TESTHI3':
      PIN_NUMBER='(AC20)';
      SIGNAL_DESCRIPTION='POWER/OTHER';
      INPUT_LOAD='(-0.01,0.01)';
    'TESTHI4':
      PIN_NUMBER='(AC24)';
      SIGNAL_DESCRIPTION='POWER/OTHER';
      INPUT_LOAD='(-0.01,0.01)';
    'TESTHI5':
      PIN_NUMBER='(AC23)';
      SIGNAL_DESCRIPTION='POWER/OTHER';
      INPUT_LOAD='(-0.01,0.01)';
    'TESTHI8':
      PIN_NUMBER='(U6)';
      SIGNAL_DESCRIPTION='POWER/OTHER';
      INPUT_LOAD='(-0.01,0.01)';
    'TESTHI9':
      PIN_NUMBER='(W4)';
      SIGNAL_DESCRIPTION='POWER/OTHER';
      INPUT_LOAD='(-0.01,0.01)';
    'TMS':
      PIN_NUMBER='(F7)';
      SIGNAL_DESCRIPTION='TAP';
      INPUT_LOAD='(-0.01,0.01)';
    'TRDY#':
      PIN_NUMBER='(J6)';
      SIGNAL_DESCRIPTION='COMMON CLOCK';
      INPUT_LOAD='(-0.01,0.01)';
    'TRST#':
      PIN_NUMBER='(E6)';
      SIGNAL_DESCRIPTION='TAP';
      INPUT_LOAD='(-0.01,0.01)';
    'VCCVID':
      PIN_NUMBER='(AF4)';
      SIGNAL_DESCRIPTION='POWER/OTHER';
      INPUT_LOAD='(-0.01,0.01)';
    'A10#':
      PIN_NUMBER='(M3)';
      BIDIRECTIONAL='TRUE';
      SIGNAL_DESCRIPTION='SOURCE SYNCH';
      INPUT_LOAD='(-0.01,0.01)';
      OUTPUT_LOAD='(1.0,-1.0)';
    'A11#':
      PIN_NUMBER='(M4)';
      BIDIRECTIONAL='TRUE';
      SIGNAL_DESCRIPTION='SOURCE SYNCH';
      INPUT_LOAD='(-0.01,0.01)';
      OUTPUT_LOAD='(1.0,-1.0)';
    'A12#':
      PIN_NUMBER='(N1)';
      BIDIRECTIONAL='TRUE';
      SIGNAL_DESCRIPTION='SOURCE SYNCH';
      INPUT_LOAD='(-0.01,0.01)';
      OUTPUT_LOAD='(1.0,-1.0)';
    'A13#':
      PIN_NUMBER='(M1)';
      BIDIRECTIONAL='TRUE';
      SIGNAL_DESCRIPTION='SOURCE SYNCH';
      INPUT_LOAD='(-0.01,0.01)';
      OUTPUT_LOAD='(1.0,-1.0)';
    'A14#':
      PIN_NUMBER='(N2)';
      BIDIRECTIONAL='TRUE';
      SIGNAL_DESCRIPTION='SOURCE SYNCH';
      INPUT_LOAD='(-0.01,0.01)';
      OUTPUT_LOAD='(1.0,-1.0)';
    'A15#':
      PIN_NUMBER='(N4)';
      BIDIRECTIONAL='TRUE';
      SIGNAL_DESCRIPTION='SOURCE SYNCH';
      INPUT_LOAD='(-0.01,0.01)';
      OUTPUT_LOAD='(1.0,-1.0)';
    'A16#':
      PIN_NUMBER='(N5)';
      BIDIRECTIONAL='TRUE';
      SIGNAL_DESCRIPTION='SOURCE SYNCH';
      INPUT_LOAD='(-0.01,0.01)';
      OUTPUT_LOAD='(1.0,-1.0)';
    'A17#':
      PIN_NUMBER='(T1)';
      BIDIRECTIONAL='TRUE';
      SIGNAL_DESCRIPTION='SOURCE SYNCH';
      INPUT_LOAD='(-0.01,0.01)';
      OUTPUT_LOAD='(1.0,-1.0)';
    'A18#':
      PIN_NUMBER='(R2)';
      BIDIRECTIONAL='TRUE';
      SIGNAL_DESCRIPTION='SOURCE SYNCH';
      INPUT_LOAD='(-0.01,0.01)';
      OUTPUT_LOAD='(1.0,-1.0)';
    'A19#':
      PIN_NUMBER='(P3)';
      BIDIRECTIONAL='TRUE';
      SIGNAL_DESCRIPTION='SOURCE SYNCH';
      INPUT_LOAD='(-0.01,0.01)';
      OUTPUT_LOAD='(1.0,-1.0)';
    'A20#':
      PIN_NUMBER='(P4)';
      BIDIRECTIONAL='TRUE';
      SIGNAL_DESCRIPTION='SOURCE SYNCH';
      INPUT_LOAD='(-0.01,0.01)';
      OUTPUT_LOAD='(1.0,-1.0)';
    'A21#':
      PIN_NUMBER='(R3)';
      BIDIRECTIONAL='TRUE';
      SIGNAL_DESCRIPTION='SOURCE SYNCH';
      INPUT_LOAD='(-0.01,0.01)';
      OUTPUT_LOAD='(1.0,-1.0)';
    'A22#':
      PIN_NUMBER='(T2)';
      BIDIRECTIONAL='TRUE';
      SIGNAL_DESCRIPTION='SOURCE SYNCH';
      INPUT_LOAD='(-0.01,0.01)';
      OUTPUT_LOAD='(1.0,-1.0)';
    'A23#':
      PIN_NUMBER='(U1)';
      BIDIRECTIONAL='TRUE';
      SIGNAL_DESCRIPTION='SOURCE SYNCH';
      INPUT_LOAD='(-0.01,0.01)';
      OUTPUT_LOAD='(1.0,-1.0)';
    'A24#':
      PIN_NUMBER='(P6)';
      BIDIRECTIONAL='TRUE';
      SIGNAL_DESCRIPTION='SOURCE SYNCH';
      INPUT_LOAD='(-0.01,0.01)';
      OUTPUT_LOAD='(1.0,-1.0)';
    'A25#':
      PIN_NUMBER='(U3)';
      BIDIRECTIONAL='TRUE';
      SIGNAL_DESCRIPTION='SOURCE SYNCH';
      INPUT_LOAD='(-0.01,0.01)';
      OUTPUT_LOAD='(1.0,-1.0)';
    'A26#':
      PIN_NUMBER='(T4)';
      BIDIRECTIONAL='TRUE';
      SIGNAL_DESCRIPTION='SOURCE SYNCH';
      INPUT_LOAD='(-0.01,0.01)';
      OUTPUT_LOAD='(1.0,-1.0)';
    'A27#':
      PIN_NUMBER='(V2)';
      BIDIRECTIONAL='TRUE';
      SIGNAL_DESCRIPTION='SOURCE SYNCH';
      INPUT_LOAD='(-0.01,0.01)';
      OUTPUT_LOAD='(1.0,-1.0)';
    'A28#':
      PIN_NUMBER='(R6)';
      BIDIRECTIONAL='TRUE';
      SIGNAL_DESCRIPTION='SOURCE SYNCH';
      INPUT_LOAD='(-0.01,0.01)';
      OUTPUT_LOAD='(1.0,-1.0)';
    'A29#':
      PIN_NUMBER='(W1)';
      BIDIRECTIONAL='TRUE';
      SIGNAL_DESCRIPTION='SOURCE SYNCH';
      INPUT_LOAD='(-0.01,0.01)';
      OUTPUT_LOAD='(1.0,-1.0)';
    'A3#':
      PIN_NUMBER='(K2)';
      BIDIRECTIONAL='TRUE';
      SIGNAL_DESCRIPTION='SOURCE SYNCH';
      INPUT_LOAD='(-0.01,0.01)';
      OUTPUT_LOAD='(1.0,-1.0)';
    'A30#':
      PIN_NUMBER='(T5)';
      BIDIRECTIONAL='TRUE';
      SIGNAL_DESCRIPTION='SOURCE SYNCH';
      INPUT_LOAD='(-0.01,0.01)';
      OUTPUT_LOAD='(1.0,-1.0)';
    'A31#':
      PIN_NUMBER='(U4)';
      BIDIRECTIONAL='TRUE';
      SIGNAL_DESCRIPTION='SOURCE SYNCH';
      INPUT_LOAD='(-0.01,0.01)';
      OUTPUT_LOAD='(1.0,-1.0)';
    'A32#':
      PIN_NUMBER='(V3)';
      BIDIRECTIONAL='TRUE';
      SIGNAL_DESCRIPTION='SOURCE SYNCH';
      INPUT_LOAD='(-0.01,0.01)';
      OUTPUT_LOAD='(1.0,-1.0)';
    'A33#':
      PIN_NUMBER='(W2)';
      BIDIRECTIONAL='TRUE';
      SIGNAL_DESCRIPTION='SOURCE SYNCH';
      INPUT_LOAD='(-0.01,0.01)';
      OUTPUT_LOAD='(1.0,-1.0)';
    'A34#':
      PIN_NUMBER='(Y1)';
      BIDIRECTIONAL='TRUE';
      SIGNAL_DESCRIPTION='SOURCE SYNCH';
      INPUT_LOAD='(-0.01,0.01)';
      OUTPUT_LOAD='(1.0,-1.0)';
    'A35#':
      PIN_NUMBER='(AB1)';
      BIDIRECTIONAL='TRUE';
      SIGNAL_DESCRIPTION='SOURCE SYNCH';
      INPUT_LOAD='(-0.01,0.01)';
      OUTPUT_LOAD='(1.0,-1.0)';
    'A4#':
      PIN_NUMBER='(K4)';
      BIDIRECTIONAL='TRUE';
      SIGNAL_DESCRIPTION='SOURCE SYNCH';
      INPUT_LOAD='(-0.01,0.01)';
      OUTPUT_LOAD='(1.0,-1.0)';
    'A5#':
      PIN_NUMBER='(L6)';
      BIDIRECTIONAL='TRUE';
      SIGNAL_DESCRIPTION='SOURCE SYNCH';
      INPUT_LOAD='(-0.01,0.01)';
      OUTPUT_LOAD='(1.0,-1.0)';
    'A6#':
      PIN_NUMBER='(K1)';
      BIDIRECTIONAL='TRUE';
      SIGNAL_DESCRIPTION='SOURCE SYNCH';
      INPUT_LOAD='(-0.01,0.01)';
      OUTPUT_LOAD='(1.0,-1.0)';
    'A7#':
      PIN_NUMBER='(L3)';
      BIDIRECTIONAL='TRUE';
      SIGNAL_DESCRIPTION='SOURCE SYNCH';
      INPUT_LOAD='(-0.01,0.01)';
      OUTPUT_LOAD='(1.0,-1.0)';
    'A8#':
      PIN_NUMBER='(M6)';
      BIDIRECTIONAL='TRUE';
      SIGNAL_DESCRIPTION='SOURCE SYNCH';
      INPUT_LOAD='(-0.01,0.01)';
      OUTPUT_LOAD='(1.0,-1.0)';
    'A9#':
      PIN_NUMBER='(L2)';
      BIDIRECTIONAL='TRUE';
      SIGNAL_DESCRIPTION='SOURCE SYNCH';
      INPUT_LOAD='(-0.01,0.01)';
      OUTPUT_LOAD='(1.0,-1.0)';
    'ADS#':
      PIN_NUMBER='(G1)';
      BIDIRECTIONAL='TRUE';
      SIGNAL_DESCRIPTION='COMMON CLOCK';
      INPUT_LOAD='(-0.01,0.01)';
      OUTPUT_LOAD='(1.0,-1.0)';
    'ADSTB0#':
      PIN_NUMBER='(L5)';
      BIDIRECTIONAL='TRUE';
      SIGNAL_DESCRIPTION='SOURCE SYNCH';
      INPUT_LOAD='(-0.01,0.01)';
      OUTPUT_LOAD='(1.0,-1.0)';
    'ADSTB1#':
      PIN_NUMBER='(R5)';
      BIDIRECTIONAL='TRUE';
      SIGNAL_DESCRIPTION='SOURCE SYNCH';
      INPUT_LOAD='(-0.01,0.01)';
      OUTPUT_LOAD='(1.0,-1.0)';
    'AP0#':
      PIN_NUMBER='(AC1)';
      BIDIRECTIONAL='TRUE';
      SIGNAL_DESCRIPTION='COMMON CLOCK';
      INPUT_LOAD='(-0.01,0.01)';
      OUTPUT_LOAD='(1.0,-1.0)';
    'AP1#':
      PIN_NUMBER='(V5)';
      BIDIRECTIONAL='TRUE';
      SIGNAL_DESCRIPTION='COMMON CLOCK';
      INPUT_LOAD='(-0.01,0.01)';
      OUTPUT_LOAD='(1.0,-1.0)';
    'BINIT#':
      PIN_NUMBER='(AA3)';
      BIDIRECTIONAL='TRUE';
      SIGNAL_DESCRIPTION='COMMON CLOCK';
      INPUT_LOAD='(-0.01,0.01)';
      OUTPUT_LOAD='(1.0,-1.0)';
    'BNR#':
      PIN_NUMBER='(G2)';
      BIDIRECTIONAL='TRUE';
      SIGNAL_DESCRIPTION='COMMON CLOCK';
      INPUT_LOAD='(-0.01,0.01)';
      OUTPUT_LOAD='(1.0,-1.0)';
    'BPM0#':
      PIN_NUMBER='(AC6)';
      BIDIRECTIONAL='TRUE';
      SIGNAL_DESCRIPTION='COMMON CLOCK';
      INPUT_LOAD='(-0.01,0.01)';
      OUTPUT_LOAD='(1.0,-1.0)';
    'BPM1#':
      PIN_NUMBER='(AB5)';
      BIDIRECTIONAL='TRUE';
      SIGNAL_DESCRIPTION='COMMON CLOCK';
      INPUT_LOAD='(-0.01,0.01)';
      OUTPUT_LOAD='(1.0,-1.0)';
    'BPM2#':
      PIN_NUMBER='(AC4)';
      BIDIRECTIONAL='TRUE';
      SIGNAL_DESCRIPTION='COMMON CLOCK';
      INPUT_LOAD='(-0.01,0.01)';
      OUTPUT_LOAD='(1.0,-1.0)';
    'BPM3#':
      PIN_NUMBER='(Y6)';
      BIDIRECTIONAL='TRUE';
      SIGNAL_DESCRIPTION='COMMON CLOCK';
      INPUT_LOAD='(-0.01,0.01)';
      OUTPUT_LOAD='(1.0,-1.0)';
    'BPM4#':
      PIN_NUMBER='(AA5)';
      BIDIRECTIONAL='TRUE';
      SIGNAL_DESCRIPTION='COMMON CLOCK';
      INPUT_LOAD='(-0.01,0.01)';
      OUTPUT_LOAD='(1.0,-1.0)';
    'BPM5#':
      PIN_NUMBER='(AB4)';
      BIDIRECTIONAL='TRUE';
      SIGNAL_DESCRIPTION='COMMON CLOCK';
      INPUT_LOAD='(-0.01,0.01)';
      OUTPUT_LOAD='(1.0,-1.0)';
    'BR0#':
      PIN_NUMBER='(H6)';
      BIDIRECTIONAL='TRUE';
      SIGNAL_DESCRIPTION='COMMON CLOCK';
      INPUT_LOAD='(-0.01,0.01)';
      OUTPUT_LOAD='(1.0,-1.0)';
    'COMP0':
      PIN_NUMBER='(L24)';
      BIDIRECTIONAL='TRUE';
      SIGNAL_DESCRIPTION='POWER/OTHER';
      INPUT_LOAD='(-0.01,0.01)';
      OUTPUT_LOAD='(1.0,-1.0)';
    'COMP1':
      PIN_NUMBER='(P1)';
      BIDIRECTIONAL='TRUE';
      SIGNAL_DESCRIPTION='POWER/OTHER';
      INPUT_LOAD='(-0.01,0.01)';
      OUTPUT_LOAD='(1.0,-1.0)';
    'D0#':
      PIN_NUMBER='(B21)';
      BIDIRECTIONAL='TRUE';
      SIGNAL_DESCRIPTION='SOURCE SYNCH';
      INPUT_LOAD='(-0.01,0.01)';
      OUTPUT_LOAD='(1.0,-1.0)';
    'D1#':
      PIN_NUMBER='(B22)';
      BIDIRECTIONAL='TRUE';
      SIGNAL_DESCRIPTION='SOURCE SYNCH';
      INPUT_LOAD='(-0.01,0.01)';
      OUTPUT_LOAD='(1.0,-1.0)';
    'D10#':
      PIN_NUMBER='(G22)';
      BIDIRECTIONAL='TRUE';
      SIGNAL_DESCRIPTION='SOURCE SYNCH';
      INPUT_LOAD='(-0.01,0.01)';
      OUTPUT_LOAD='(1.0,-1.0)';
    'D11#':
      PIN_NUMBER='(H21)';
      BIDIRECTIONAL='TRUE';
      SIGNAL_DESCRIPTION='SOURCE SYNCH';
      INPUT_LOAD='(-0.01,0.01)';
      OUTPUT_LOAD='(1.0,-1.0)';
    'D12#':
      PIN_NUMBER='(C26)';
      BIDIRECTIONAL='TRUE';
      SIGNAL_DESCRIPTION='SOURCE SYNCH';
      INPUT_LOAD='(-0.01,0.01)';
      OUTPUT_LOAD='(1.0,-1.0)';
    'D13#':
      PIN_NUMBER='(D23)';
      BIDIRECTIONAL='TRUE';
      SIGNAL_DESCRIPTION='SOURCE SYNCH';
      INPUT_LOAD='(-0.01,0.01)';
      OUTPUT_LOAD='(1.0,-1.0)';
    'D14#':
      PIN_NUMBER='(J21)';
      BIDIRECTIONAL='TRUE';
      SIGNAL_DESCRIPTION='SOURCE SYNCH';
      INPUT_LOAD='(-0.01,0.01)';
      OUTPUT_LOAD='(1.0,-1.0)';
    'D15#':
      PIN_NUMBER='(D25)';
      BIDIRECTIONAL='TRUE';
      SIGNAL_DESCRIPTION='SOURCE SYNCH';
      INPUT_LOAD='(-0.01,0.01)';
      OUTPUT_LOAD='(1.0,-1.0)';
    'D16#':
      PIN_NUMBER='(H22)';
      BIDIRECTIONAL='TRUE';
      SIGNAL_DESCRIPTION='SOURCE SYNCH';
      INPUT_LOAD='(-0.01,0.01)';
      OUTPUT_LOAD='(1.0,-1.0)';
    'D17#':
      PIN_NUMBER='(E24)';
      BIDIRECTIONAL='TRUE';
      SIGNAL_DESCRIPTION='SOURCE SYNCH';
      INPUT_LOAD='(-0.01,0.01)';
      OUTPUT_LOAD='(1.0,-1.0)';
    'D18#':
      PIN_NUMBER='(G23)';
      BIDIRECTIONAL='TRUE';
      SIGNAL_DESCRIPTION='SOURCE SYNCH';
      INPUT_LOAD='(-0.01,0.01)';
      OUTPUT_LOAD='(1.0,-1.0)';
    'D19#':
      PIN_NUMBER='(F23)';
      BIDIRECTIONAL='TRUE';
      SIGNAL_DESCRIPTION='SOURCE SYNCH';
      INPUT_LOAD='(-0.01,0.01)';
      OUTPUT_LOAD='(1.0,-1.0)';
    'D2#':
      PIN_NUMBER='(A23)';
      BIDIRECTIONAL='TRUE';
      SIGNAL_DESCRIPTION='SOURCE SYNCH';
      INPUT_LOAD='(-0.01,0.01)';
      OUTPUT_LOAD='(1.0,-1.0)';
    'D20#':
      PIN_NUMBER='(F24)';
      BIDIRECTIONAL='TRUE';
      SIGNAL_DESCRIPTION='SOURCE SYNCH';
      INPUT_LOAD='(-0.01,0.01)';
      OUTPUT_LOAD='(1.0,-1.0)';
    'D21#':
      PIN_NUMBER='(E25)';
      BIDIRECTIONAL='TRUE';
      SIGNAL_DESCRIPTION='SOURCE SYNCH';
      INPUT_LOAD='(-0.01,0.01)';
      OUTPUT_LOAD='(1.0,-1.0)';
    'D22#':
      PIN_NUMBER='(F26)';
      BIDIRECTIONAL='TRUE';
      SIGNAL_DESCRIPTION='SOURCE SYNCH';
      INPUT_LOAD='(-0.01,0.01)';
      OUTPUT_LOAD='(1.0,-1.0)';
    'D23#':
      PIN_NUMBER='(D26)';
      BIDIRECTIONAL='TRUE';
      SIGNAL_DESCRIPTION='SOURCE SYNCH';
      INPUT_LOAD='(-0.01,0.01)';
      OUTPUT_LOAD='(1.0,-1.0)';
    'D24#':
      PIN_NUMBER='(L21)';
      BIDIRECTIONAL='TRUE';
      SIGNAL_DESCRIPTION='SOURCE SYNCH';
      INPUT_LOAD='(-0.01,0.01)';
      OUTPUT_LOAD='(1.0,-1.0)';
    'D25#':
      PIN_NUMBER='(G26)';
      BIDIRECTIONAL='TRUE';
      SIGNAL_DESCRIPTION='SOURCE SYNCH';
      INPUT_LOAD='(-0.01,0.01)';
      OUTPUT_LOAD='(1.0,-1.0)';
    'D26#':
      PIN_NUMBER='(H24)';
      BIDIRECTIONAL='TRUE';
      SIGNAL_DESCRIPTION='SOURCE SYNCH';
      INPUT_LOAD='(-0.01,0.01)';
      OUTPUT_LOAD='(1.0,-1.0)';
    'D27#':
      PIN_NUMBER='(M21)';
      BIDIRECTIONAL='TRUE';
      SIGNAL_DESCRIPTION='SOURCE SYNCH';
      INPUT_LOAD='(-0.01,0.01)';
      OUTPUT_LOAD='(1.0,-1.0)';
    'D28#':
      PIN_NUMBER='(L22)';
      BIDIRECTIONAL='TRUE';
      SIGNAL_DESCRIPTION='SOURCE SYNCH';
      INPUT_LOAD='(-0.01,0.01)';
      OUTPUT_LOAD='(1.0,-1.0)';
    'D29#':
      PIN_NUMBER='(J24)';
      BIDIRECTIONAL='TRUE';
      SIGNAL_DESCRIPTION='SOURCE SYNCH';
      INPUT_LOAD='(-0.01,0.01)';
      OUTPUT_LOAD='(1.0,-1.0)';
    'D3#':
      PIN_NUMBER='(A25)';
      BIDIRECTIONAL='TRUE';
      SIGNAL_DESCRIPTION='SOURCE SYNCH';
      INPUT_LOAD='(-0.01,0.01)';
      OUTPUT_LOAD='(1.0,-1.0)';
    'D30#':
      PIN_NUMBER='(K23)';
      BIDIRECTIONAL='TRUE';
      SIGNAL_DESCRIPTION='SOURCE SYNCH';
      INPUT_LOAD='(-0.01,0.01)';
      OUTPUT_LOAD='(1.0,-1.0)';
    'D31#':
      PIN_NUMBER='(H25)';
      BIDIRECTIONAL='TRUE';
      SIGNAL_DESCRIPTION='SOURCE SYNCH';
      INPUT_LOAD='(-0.01,0.01)';
      OUTPUT_LOAD='(1.0,-1.0)';
    'D32#':
      PIN_NUMBER='(M23)';
      BIDIRECTIONAL='TRUE';
      SIGNAL_DESCRIPTION='SOURCE SYNCH';
      INPUT_LOAD='(-0.01,0.01)';
      OUTPUT_LOAD='(1.0,-1.0)';
    'D33#':
      PIN_NUMBER='(N22)';
      BIDIRECTIONAL='TRUE';
      SIGNAL_DESCRIPTION='SOURCE SYNCH';
      INPUT_LOAD='(-0.01,0.01)';
      OUTPUT_LOAD='(1.0,-1.0)';
    'D34#':
      PIN_NUMBER='(P21)';
      BIDIRECTIONAL='TRUE';
      SIGNAL_DESCRIPTION='SOURCE SYNCH';
      INPUT_LOAD='(-0.01,0.01)';
      OUTPUT_LOAD='(1.0,-1.0)';
    'D35#':
      PIN_NUMBER='(M24)';
      BIDIRECTIONAL='TRUE';
      SIGNAL_DESCRIPTION='SOURCE SYNCH';
      INPUT_LOAD='(-0.01,0.01)';
      OUTPUT_LOAD='(1.0,-1.0)';
    'D36#':
      PIN_NUMBER='(N23)';
      BIDIRECTIONAL='TRUE';
      SIGNAL_DESCRIPTION='SOURCE SYNCH';
      INPUT_LOAD='(-0.01,0.01)';
      OUTPUT_LOAD='(1.0,-1.0)';
    'D37#':
      PIN_NUMBER='(M26)';
      BIDIRECTIONAL='TRUE';
      SIGNAL_DESCRIPTION='SOURCE SYNCH';
      INPUT_LOAD='(-0.01,0.01)';
      OUTPUT_LOAD='(1.0,-1.0)';
    'D38#':
      PIN_NUMBER='(N26)';
      BIDIRECTIONAL='TRUE';
      SIGNAL_DESCRIPTION='SOURCE SYNCH';
      INPUT_LOAD='(-0.01,0.01)';
      OUTPUT_LOAD='(1.0,-1.0)';
    'D39#':
      PIN_NUMBER='(N25)';
      BIDIRECTIONAL='TRUE';
      SIGNAL_DESCRIPTION='SOURCE SYNCH';
      INPUT_LOAD='(-0.01,0.01)';
      OUTPUT_LOAD='(1.0,-1.0)';
    'D4#':
      PIN_NUMBER='(C21)';
      BIDIRECTIONAL='TRUE';
      SIGNAL_DESCRIPTION='SOURCE SYNCH';
      INPUT_LOAD='(-0.01,0.01)';
      OUTPUT_LOAD='(1.0,-1.0)';
    'D40#':
      PIN_NUMBER='(R21)';
      BIDIRECTIONAL='TRUE';
      SIGNAL_DESCRIPTION='SOURCE SYNCH';
      INPUT_LOAD='(-0.01,0.01)';
      OUTPUT_LOAD='(1.0,-1.0)';
    'D41#':
      PIN_NUMBER='(P24)';
      BIDIRECTIONAL='TRUE';
      SIGNAL_DESCRIPTION='SOURCE SYNCH';
      INPUT_LOAD='(-0.01,0.01)';
      OUTPUT_LOAD='(1.0,-1.0)';
    'D42#':
      PIN_NUMBER='(R25)';
      BIDIRECTIONAL='TRUE';
      SIGNAL_DESCRIPTION='SOURCE SYNCH';
      INPUT_LOAD='(-0.01,0.01)';
      OUTPUT_LOAD='(1.0,-1.0)';
    'D43#':
      PIN_NUMBER='(R24)';
      BIDIRECTIONAL='TRUE';
      SIGNAL_DESCRIPTION='SOURCE SYNCH';
      INPUT_LOAD='(-0.01,0.01)';
      OUTPUT_LOAD='(1.0,-1.0)';
    'D44#':
      PIN_NUMBER='(T26)';
      BIDIRECTIONAL='TRUE';
      SIGNAL_DESCRIPTION='SOURCE SYNCH';
      INPUT_LOAD='(-0.01,0.01)';
      OUTPUT_LOAD='(1.0,-1.0)';
    'D45#':
      PIN_NUMBER='(T25)';
      BIDIRECTIONAL='TRUE';
      SIGNAL_DESCRIPTION='SOURCE SYNCH';
      INPUT_LOAD='(-0.01,0.01)';
      OUTPUT_LOAD='(1.0,-1.0)';
    'D46#':
      PIN_NUMBER='(T22)';
      BIDIRECTIONAL='TRUE';
      SIGNAL_DESCRIPTION='SOURCE SYNCH';
      INPUT_LOAD='(-0.01,0.01)';
      OUTPUT_LOAD='(1.0,-1.0)';
    'D47#':
      PIN_NUMBER='(T23)';
      BIDIRECTIONAL='TRUE';
      SIGNAL_DESCRIPTION='SOURCE SYNCH';
      INPUT_LOAD='(-0.01,0.01)';
      OUTPUT_LOAD='(1.0,-1.0)';
    'D48#':
      PIN_NUMBER='(U26)';
      BIDIRECTIONAL='TRUE';
      SIGNAL_DESCRIPTION='SOURCE SYNCH';
      INPUT_LOAD='(-0.01,0.01)';
      OUTPUT_LOAD='(1.0,-1.0)';
    'D49#':
      PIN_NUMBER='(U24)';
      BIDIRECTIONAL='TRUE';
      SIGNAL_DESCRIPTION='SOURCE SYNCH';
      INPUT_LOAD='(-0.01,0.01)';
      OUTPUT_LOAD='(1.0,-1.0)';
    'D5#':
      PIN_NUMBER='(D22)';
      BIDIRECTIONAL='TRUE';
      SIGNAL_DESCRIPTION='SOURCE SYNCH';
      INPUT_LOAD='(-0.01,0.01)';
      OUTPUT_LOAD='(1.0,-1.0)';
    'D50#':
      PIN_NUMBER='(U23)';
      BIDIRECTIONAL='TRUE';
      SIGNAL_DESCRIPTION='SOURCE SYNCH';
      INPUT_LOAD='(-0.01,0.01)';
      OUTPUT_LOAD='(1.0,-1.0)';
    'D51#':
      PIN_NUMBER='(V25)';
      BIDIRECTIONAL='TRUE';
      SIGNAL_DESCRIPTION='SOURCE SYNCH';
      INPUT_LOAD='(-0.01,0.01)';
      OUTPUT_LOAD='(1.0,-1.0)';
    'D52#':
      PIN_NUMBER='(U21)';
      BIDIRECTIONAL='TRUE';
      SIGNAL_DESCRIPTION='SOURCE SYNCH';
      INPUT_LOAD='(-0.01,0.01)';
      OUTPUT_LOAD='(1.0,-1.0)';
    'D53#':
      PIN_NUMBER='(V22)';
      BIDIRECTIONAL='TRUE';
      SIGNAL_DESCRIPTION='SOURCE SYNCH';
      INPUT_LOAD='(-0.01,0.01)';
      OUTPUT_LOAD='(1.0,-1.0)';
    'D54#':
      PIN_NUMBER='(V24)';
      BIDIRECTIONAL='TRUE';
      SIGNAL_DESCRIPTION='SOURCE SYNCH';
      INPUT_LOAD='(-0.01,0.01)';
      OUTPUT_LOAD='(1.0,-1.0)';
    'D55#':
      PIN_NUMBER='(W26)';
      BIDIRECTIONAL='TRUE';
      SIGNAL_DESCRIPTION='SOURCE SYNCH';
      INPUT_LOAD='(-0.01,0.01)';
      OUTPUT_LOAD='(1.0,-1.0)';
    'D56#':
      PIN_NUMBER='(Y26)';
      BIDIRECTIONAL='TRUE';
      SIGNAL_DESCRIPTION='SOURCE SYNCH';
      INPUT_LOAD='(-0.01,0.01)';
      OUTPUT_LOAD='(1.0,-1.0)';
    'D57#':
      PIN_NUMBER='(W25)';
      BIDIRECTIONAL='TRUE';
      SIGNAL_DESCRIPTION='SOURCE SYNCH';
      INPUT_LOAD='(-0.01,0.01)';
      OUTPUT_LOAD='(1.0,-1.0)';
    'D58#':
      PIN_NUMBER='(Y23)';
      BIDIRECTIONAL='TRUE';
      SIGNAL_DESCRIPTION='SOURCE SYNCH';
      INPUT_LOAD='(-0.01,0.01)';
      OUTPUT_LOAD='(1.0,-1.0)';
    'D59#':
      PIN_NUMBER='(Y24)';
      BIDIRECTIONAL='TRUE';
      SIGNAL_DESCRIPTION='SOURCE SYNCH';
      INPUT_LOAD='(-0.01,0.01)';
      OUTPUT_LOAD='(1.0,-1.0)';
    'D6#':
      PIN_NUMBER='(B24)';
      BIDIRECTIONAL='TRUE';
      SIGNAL_DESCRIPTION='SOURCE SYNCH';
      INPUT_LOAD='(-0.01,0.01)';
      OUTPUT_LOAD='(1.0,-1.0)';
    'D60#':
      PIN_NUMBER='(Y21)';
      BIDIRECTIONAL='TRUE';
      SIGNAL_DESCRIPTION='SOURCE SYNCH';
      INPUT_LOAD='(-0.01,0.01)';
      OUTPUT_LOAD='(1.0,-1.0)';
    'D61#':
      PIN_NUMBER='(AA25)';
      BIDIRECTIONAL='TRUE';
      SIGNAL_DESCRIPTION='SOURCE SYNCH';
      INPUT_LOAD='(-0.01,0.01)';
      OUTPUT_LOAD='(1.0,-1.0)';
    'D62#':
      PIN_NUMBER='(AA22)';
      BIDIRECTIONAL='TRUE';
      SIGNAL_DESCRIPTION='SOURCE SYNCH';
      INPUT_LOAD='(-0.01,0.01)';
      OUTPUT_LOAD='(1.0,-1.0)';
    'D63#':
      PIN_NUMBER='(AA24)';
      BIDIRECTIONAL='TRUE';
      SIGNAL_DESCRIPTION='SOURCE SYNCH';
      INPUT_LOAD='(-0.01,0.01)';
      OUTPUT_LOAD='(1.0,-1.0)';
    'D7#':
      PIN_NUMBER='(C23)';
      BIDIRECTIONAL='TRUE';
      SIGNAL_DESCRIPTION='SOURCE SYNCH';
      INPUT_LOAD='(-0.01,0.01)';
      OUTPUT_LOAD='(1.0,-1.0)';
    'D8#':
      PIN_NUMBER='(C24)';
      BIDIRECTIONAL='TRUE';
      SIGNAL_DESCRIPTION='SOURCE SYNCH';
      INPUT_LOAD='(-0.01,0.01)';
      OUTPUT_LOAD='(1.0,-1.0)';
    'D9#':
      PIN_NUMBER='(B25)';
      BIDIRECTIONAL='TRUE';
      SIGNAL_DESCRIPTION='SOURCE SYNCH';
      INPUT_LOAD='(-0.01,0.01)';
      OUTPUT_LOAD='(1.0,-1.0)';
    'DBI0#':
      PIN_NUMBER='(E21)';
      BIDIRECTIONAL='TRUE';
      SIGNAL_DESCRIPTION='SOURCE SYNCH';
      INPUT_LOAD='(-0.01,0.01)';
      OUTPUT_LOAD='(1.0,-1.0)';
    'DBI1#':
      PIN_NUMBER='(G25)';
      BIDIRECTIONAL='TRUE';
      SIGNAL_DESCRIPTION='SOURCE SYNCH';
      INPUT_LOAD='(-0.01,0.01)';
      OUTPUT_LOAD='(1.0,-1.0)';
    'DBI2#':
      PIN_NUMBER='(P26)';
      BIDIRECTIONAL='TRUE';
      SIGNAL_DESCRIPTION='SOURCE SYNCH';
      INPUT_LOAD='(-0.01,0.01)';
      OUTPUT_LOAD='(1.0,-1.0)';
    'DBI3#':
      PIN_NUMBER='(V21)';
      BIDIRECTIONAL='TRUE';
      SIGNAL_DESCRIPTION='SOURCE SYNCH';
      INPUT_LOAD='(-0.01,0.01)';
      OUTPUT_LOAD='(1.0,-1.0)';
    'DBSY#':
      PIN_NUMBER='(H5)';
      BIDIRECTIONAL='TRUE';
      SIGNAL_DESCRIPTION='COMMON CLOCK';
      INPUT_LOAD='(-0.01,0.01)';
      OUTPUT_LOAD='(1.0,-1.0)';
    'DP0#':
      PIN_NUMBER='(J26)';
      BIDIRECTIONAL='TRUE';
      SIGNAL_DESCRIPTION='COMMON CLOCK';
      INPUT_LOAD='(-0.01,0.01)';
      OUTPUT_LOAD='(1.0,-1.0)';
    'DP1#':
      PIN_NUMBER='(K25)';
      BIDIRECTIONAL='TRUE';
      SIGNAL_DESCRIPTION='COMMON CLOCK';
      INPUT_LOAD='(-0.01,0.01)';
      OUTPUT_LOAD='(1.0,-1.0)';
    'DP2#':
      PIN_NUMBER='(K26)';
      BIDIRECTIONAL='TRUE';
      SIGNAL_DESCRIPTION='COMMON CLOCK';
      INPUT_LOAD='(-0.01,0.01)';
      OUTPUT_LOAD='(1.0,-1.0)';
    'DP3#':
      PIN_NUMBER='(L25)';
      BIDIRECTIONAL='TRUE';
      SIGNAL_DESCRIPTION='COMMON CLOCK';
      INPUT_LOAD='(-0.01,0.01)';
      OUTPUT_LOAD='(1.0,-1.0)';
    'DRDY#':
      PIN_NUMBER='(H2)';
      BIDIRECTIONAL='TRUE';
      SIGNAL_DESCRIPTION='COMMON CLOCK';
      INPUT_LOAD='(-0.01,0.01)';
      OUTPUT_LOAD='(1.0,-1.0)';
    'DSTBN0#':
      PIN_NUMBER='(E22)';
      BIDIRECTIONAL='TRUE';
      SIGNAL_DESCRIPTION='SOURCE SYNCH';
      INPUT_LOAD='(-0.01,0.01)';
      OUTPUT_LOAD='(1.0,-1.0)';
    'DSTBN1#':
      PIN_NUMBER='(K22)';
      BIDIRECTIONAL='TRUE';
      SIGNAL_DESCRIPTION='SOURCE SYNCH';
      INPUT_LOAD='(-0.01,0.01)';
      OUTPUT_LOAD='(1.0,-1.0)';
    'DSTBN2#':
      PIN_NUMBER='(R22)';
      BIDIRECTIONAL='TRUE';
      SIGNAL_DESCRIPTION='SOURCE SYNCH';
      INPUT_LOAD='(-0.01,0.01)';
      OUTPUT_LOAD='(1.0,-1.0)';
    'DSTBN3#':
      PIN_NUMBER='(W22)';
      BIDIRECTIONAL='TRUE';
      SIGNAL_DESCRIPTION='SOURCE SYNCH';
      INPUT_LOAD='(-0.01,0.01)';
      OUTPUT_LOAD='(1.0,-1.0)';
    'DSTBP0#':
      PIN_NUMBER='(F21)';
      BIDIRECTIONAL='TRUE';
      SIGNAL_DESCRIPTION='SOURCE SYNCH';
      INPUT_LOAD='(-0.01,0.01)';
      OUTPUT_LOAD='(1.0,-1.0)';
    'DSTBP1#':
      PIN_NUMBER='(J23)';
      BIDIRECTIONAL='TRUE';
      SIGNAL_DESCRIPTION='SOURCE SYNCH';
      INPUT_LOAD='(-0.01,0.01)';
      OUTPUT_LOAD='(1.0,-1.0)';
    'DSTBP2#':
      PIN_NUMBER='(P23)';
      BIDIRECTIONAL='TRUE';
      SIGNAL_DESCRIPTION='SOURCE SYNCH';
      INPUT_LOAD='(-0.01,0.01)';
      OUTPUT_LOAD='(1.0,-1.0)';
    'DSTBP3#':
      PIN_NUMBER='(W23)';
      BIDIRECTIONAL='TRUE';
      SIGNAL_DESCRIPTION='SOURCE SYNCH';
      INPUT_LOAD='(-0.01,0.01)';
      OUTPUT_LOAD='(1.0,-1.0)';
    'HIT#':
      PIN_NUMBER='(F3)';
      BIDIRECTIONAL='TRUE';
      SIGNAL_DESCRIPTION='COMMON CLOCK';
      INPUT_LOAD='(-0.01,0.01)';
      OUTPUT_LOAD='(1.0,-1.0)';
    'HITM#':
      PIN_NUMBER='(E3)';
      BIDIRECTIONAL='TRUE';
      SIGNAL_DESCRIPTION='COMMON CLOCK';
      INPUT_LOAD='(-0.01,0.01)';
      OUTPUT_LOAD='(1.0,-1.0)';
    'LOCK#':
      PIN_NUMBER='(G4)';
      BIDIRECTIONAL='TRUE';
      SIGNAL_DESCRIPTION='COMMON CLOCK';
      INPUT_LOAD='(-0.01,0.01)';
      OUTPUT_LOAD='(1.0,-1.0)';
    'MCERR#':
      PIN_NUMBER='(V6)';
      BIDIRECTIONAL='TRUE';
      SIGNAL_DESCRIPTION='COMMON CLOCK';
      INPUT_LOAD='(-0.01,0.01)';
      OUTPUT_LOAD='(1.0,-1.0)';
    'PROCHOT#':
      PIN_NUMBER='(C3)';
      BIDIRECTIONAL='TRUE';
      SIGNAL_DESCRIPTION='ASYNCH GTL+';
      INPUT_LOAD='(-0.01,0.01)';
      OUTPUT_LOAD='(1.0,-1.0)';
    'REQ0#':
      PIN_NUMBER='(J1)';
      BIDIRECTIONAL='TRUE';
      SIGNAL_DESCRIPTION='SOURCE SYNCH';
      INPUT_LOAD='(-0.01,0.01)';
      OUTPUT_LOAD='(1.0,-1.0)';
    'REQ1#':
      PIN_NUMBER='(K5)';
      BIDIRECTIONAL='TRUE';
      SIGNAL_DESCRIPTION='SOURCE SYNCH';
      INPUT_LOAD='(-0.01,0.01)';
      OUTPUT_LOAD='(1.0,-1.0)';
    'REQ2#':
      PIN_NUMBER='(J4)';
      BIDIRECTIONAL='TRUE';
      SIGNAL_DESCRIPTION='SOURCE SYNCH';
      INPUT_LOAD='(-0.01,0.01)';
      OUTPUT_LOAD='(1.0,-1.0)';
    'REQ3#':
      PIN_NUMBER='(J3)';
      BIDIRECTIONAL='TRUE';
      SIGNAL_DESCRIPTION='SOURCE SYNCH';
      INPUT_LOAD='(-0.01,0.01)';
      OUTPUT_LOAD='(1.0,-1.0)';
    'REQ4#':
      PIN_NUMBER='(H3)';
      BIDIRECTIONAL='TRUE';
      SIGNAL_DESCRIPTION='SOURCE SYNCH';
      INPUT_LOAD='(-0.01,0.01)';
      OUTPUT_LOAD='(1.0,-1.0)';
  end_pin;
  body
    PART_NAME='PENTIUM4_3GHZ';
    BODY_NAME='PENTIUM4_3GHZ_FOR_SPLITTING';
    LIBRARY_NAME='my_library';
    PACKAGE_CREATOR='?';
    PHYS_DES_PREFIX='U';
    CLASS='IC';
    POWER_PINS='(THERMDA:B3)';
    POWER_PINS='(THERMDC:C4)';
    POWER_PINS='(VCC:A10,A12,A14,A16,A18,A20,A8,AA10,AA12,AA14,AA16,AA18,AA8)';
    POWER_PINS='(VCC:AB11,AB13,AB15,AB17,AB19,AB7,AB9,AC10,AC12,AC14,AC16,AC18)';
    POWER_PINS='(VCC:AC8,AD11,AD13,AD15,AD17,AD19,AD7,AD9,AE10,AE12,AE14,AE16)';
    POWER_PINS='(VCC:AE18,AE20,AE6,AE8,AF11,AF13,AF15,AF17,AF19,AF2,AF21,AF5)';
    POWER_PINS='(VCC:AF7,AF9,B11,B13,B15,B17,B19,B7,B9,C10,C12,C14,C16,C18,C20)';
    POWER_PINS='(VCC:C8,D11,D13,D15,D17,D19,D7,D9,E10,E12,E14,E16,E18,E20,E8)';
    POWER_PINS='(VCC:F11,F13,F15,F17,F19,F9)';
    POWER_PINS='(VCCA:AD20)';
    POWER_PINS='(VCCIOPLL:AE23)';
    POWER_PINS='(VSS:D10,A11,A13,A15,A17,A19,A21,A24,A26,A3,A9,AA1,AA11,AA13)';
    POWER_PINS='(VSS:AA15,AA17,AA19,AA23,AA26,AA4,AA7,AA9,AB10,AB12,AB14,AB16)';
    POWER_PINS='(VSS:AB18,AB20,AB21,AB24,AB3,AB6,AB8,AC11,AC13,AC15,AC17,AC19)';
    POWER_PINS='(VSS:AC2,AC22,AC25,AC5,AC7,AC9,AD1,AD10,AD12,AD14,AD16,AD18)';
    POWER_PINS='(VSS:AD21,AD23,AD4,AD8,AE11,AE13,AE15,AE17,AE19,AE22,AE24,AE26)';
    POWER_PINS='(VSS:AE7,AE9,AF1,AF10,AF12,AF14,AF16,AF18,AF20,AF6,AF8,B10,B12)';
    POWER_PINS='(VSS:B14,B16,B18,B20,B23,B26,B4,B8,C11,C13,C15,C17,C19,C2,C22)';
    POWER_PINS='(VSS:C25,C5,C7,C9,D12,D14,D16,D18,D20,D21,D24,D3,D6,D8,E1,E11)';
    POWER_PINS='(VSS:E13,E15,E17,E19,E23,E26,E4,E7,E9,F10,F12,F14,F16,F18,F2)';
    POWER_PINS='(VSS:F22,F25,F5,F8,G21,G24,G3,G6,H1,H23,H26,H4,J2,J22,J25,J5)';
    POWER_PINS='(VSS:K21,K24,K3,K6,L1,L23,L26,L4,M2,M22,M25,M5,N21,N24,N3,N6)';
    POWER_PINS='(VSS:P2,P22,P25,P5,R1,R23,R26,R4,T21,T24,T3,T6,U2,U22,U25,U5)';
    POWER_PINS='(VSS:V1,V23,V26,V4,W21,W24,W3,W6,Y2,Y22,Y25,Y5)';
    POWER_PINS='(VSSA:AD22)';
    NC_PINS='(A22,A7,AD2,AD3,AE21,AF3,AF24,AF25)';
  end_body;
end_primitive;

END.
