
	(Comment
		(Time 09/09/05,12:02:55)
		(User pradeepv)
		(MsgId ECO_081)
		(Text "Symbol sym_2 added to cell")
		(Param1 sym_2)
	)

	(Comment
		(Time 09/09/05,12:15:01)
		(User pradeepv)
		(MsgId ECO_082)
		(Text "Symbol sym_2 deleted from cell")
		(Param1 sym_2)
	)

	(Comment
		(Time 09/09/05,12:19:29)
		(User pradeepv)
		(MsgId ECO_081)
		(Text "Symbol sym_2 added to cell")
		(Param1 sym_2)
	)
	(Comment
		(Time 09/09/05,12:19:44)
		(User pradeepv)
		(MsgId ECO_081)
		(Text "Symbol sym_3 added to cell")
		(Param1 sym_3)
	)

	(Comment
		(Time 09/09/05,12:29:34)
		(User pradeepv)
		(MsgId ECO_081)
		(Text "Symbol sym_4 added to cell")
		(Param1 sym_4)
	)
	(Comment
		(Time 09/09/05,12:30:28)
		(User pradeepv)
		(MsgId ECO_082)
		(Text "Symbol sym_4 deleted from cell")
		(Param1 sym_4)
	)


	(Comment
		(Time 09/09/05,15:17:42)
		(User nandinig)
		(MsgId ECO_081)
		(Text "Symbol sym_4 added to cell")
		(Param1 sym_4)
	)


	(Comment
		(Time 09/16/05,12:02:47)
		(User nandinig)
		(MsgId ECO_083)
		(Text "Symbol sym_1 renamed to sym_5")
		(Param1 sym_1)
		(Param2 sym_5)
	)
	(Comment
		(Time 09/16/05,12:06:34)
		(User nandinig)
		(MsgId ECO_083)
		(Text "Symbol sym_3 renamed to sym_1")
		(Param1 sym_3)
		(Param2 sym_1)
	)

	(Comment
		(Time 09/16/05,12:10:16)
		(User nandinig)
		(MsgId ECO_083)
		(Text "Symbol sym_2 renamed to sym_6")
		(Param1 sym_2)
		(Param2 sym_6)
	)
	(Comment
		(Time 09/16/05,12:10:39)
		(User nandinig)
		(MsgId ECO_083)
		(Text "Symbol sym_4 renamed to sym_2")
		(Param1 sym_4)
		(Param2 sym_2)
	)

	(Comment
		(Time 09/16/05,12:21:19)
		(User nandinig)
		(MsgId ECO_081)
		(Text "Symbol sym_3 added to cell")
		(Param1 sym_3)
	)



	(Comment
		(Time 09/16/05,13:55:04)
		(User nandinig)
		(MsgId ECO_081)
		(Text "Symbol sym_4 added to cell")
		(Param1 sym_4)
	)


	(Comment
		(Time 09/16/05,13:59:26)
		(User nandinig)
		(MsgId ECO_082)
		(Text "Symbol sym_6 deleted from cell")
		(Param1 sym_6)
	)
	(Comment
		(Time 09/16/05,14:00:17)
		(User nandinig)
		(MsgId ECO_083)
		(Text "Symbol sym_5 renamed to sym_6")
		(Param1 sym_5)
		(Param2 sym_6)
	)
	(Comment
		(Time 09/16/05,14:00:27)
		(User nandinig)
		(MsgId ECO_081)
		(Text "Symbol sym_5 added to cell")
		(Param1 sym_5)
	)




	(Comment
		(Time 09/20/05,10:23:41)
		(User nandinig)
		(MsgId ECO_082)
		(Text "Symbol sym_3 deleted from cell")
		(Param1 sym_3)
	)
	(Comment
		(Time 09/20/05,10:23:51)
		(User nandinig)
		(MsgId ECO_081)
		(Text "Symbol sym_3 added to cell")
		(Param1 sym_3)
	)

