(---------------------------------------------------------------------)
(                                                                     )
(    Auto Silkscreen Log File                                         )
(                                                                     )
(    Drawing          : i2c_switch.brd                                )
(    Software Version : 16.3p006                                      )
(    Date/Time        : Sat Aug 08 14:23:38 2020                      )
(                                                                     )
(---------------------------------------------------------------------)


Generating Auto Silkscreen for the bottom of the board.

Copying all elements.

Element to Pad clearance is 0.00
Max Text displacement is 100.00
Min Line Length is 0.00
Allowing 0, 90, 180 and 270 degree text rotations.
Text Allowed Under Components.
Subclass Selections:
 Board Geometry       : Silkscreen
 Component Value      : None
 Device Type          : None
 Package Geometry     : Silkscreen
 Reference Designator : Silkscreen
 Tolerance            : None
 User Part Number     : None


Total Failures: 0

Log End

