(---------------------------------------------------------------------)
(                                                                     )
(    Glossing                                                         )
(                                                                     )
(    Drawing          : i2c_switch.brd                                )
(    Software Version : 16.3p006                                      )
(    Date/Time        : Sat Aug 08 04:39:19 2020                      )
(                                                                     )
(---------------------------------------------------------------------)


**WARNING: Disabling dynamic shapes



Line Smooth glossing in progress.
Started on Sat Aug 08 04:39:19 2020

 Smooth Functions  :  bubbles maximize 45 jogs dangling clines add 45s
 Number of executions  : 1
 Corner type  : 45
 Length limit is -0.01.

 Maximum 45 limit is -0.01.


Elapsed time:  0 hr 0 min 0 sec ( 0.00 hr)
Actual time of completion: Sat Aug 08 04:39:19 2020

 - 0 - Error(s) from Line smooth Glossing

WARNING: Glossing operations may leave fillets out of date.


Glossing complete.
